Library/Bee/Android/Prj/Mono2x/Gradle/unityLibrary/build/intermediates/manifest_merge_blame_file/release/manifest-merger-blame-release-report.txt
1<?xml version="1.0" encoding="utf-8"?>
2<manifest xmlns:android="http://schemas.android.com/apk/res/android"
3    xmlns:tools="http://schemas.android.com/tools"
4    package="com.unity3d.player"
5    android:versionCode="1"
6    android:versionName="0.1" >
7
8    <uses-sdk
9        android:minSdkVersion="22"
9-->src\main\AndroidManifest.xml
10        android:targetSdkVersion="30" />
10-->src\main\AndroidManifest.xml
11
12    <uses-feature android:glEsVersion="0x00020000" />
12-->src\main\AndroidManifest.xml:17:3-52
12-->src\main\AndroidManifest.xml:17:17-49
13
14    <uses-permission android:name="android.permission.INTERNET" />
14-->src\main\AndroidManifest.xml:18:3-65
14-->src\main\AndroidManifest.xml:18:20-62
15
16    <uses-feature
16-->src\main\AndroidManifest.xml:19:3-88
17        android:name="android.hardware.touchscreen"
17-->src\main\AndroidManifest.xml:19:17-60
18        android:required="false" />
18-->src\main\AndroidManifest.xml:19:61-85
19    <uses-feature
19-->src\main\AndroidManifest.xml:20:3-99
20        android:name="android.hardware.touchscreen.multitouch"
20-->src\main\AndroidManifest.xml:20:17-71
21        android:required="false" />
21-->src\main\AndroidManifest.xml:20:72-96
22    <uses-feature
22-->src\main\AndroidManifest.xml:21:3-108
23        android:name="android.hardware.touchscreen.multitouch.distinct"
23-->src\main\AndroidManifest.xml:21:17-80
24        android:required="false" />
24-->src\main\AndroidManifest.xml:21:81-105
25
26    <application
26-->src\main\AndroidManifest.xml:3:3-16:17
27        android:extractNativeLibs="true"
27-->src\main\AndroidManifest.xml:3:16-48
28        android:isGame="true" >
28-->src\main\AndroidManifest.xml:3:49-70
29        <activity
29-->src\main\AndroidManifest.xml:4:5-11:16
30            android:name="com.unity3d.player.UnityPlayerActivity"
30-->src\main\AndroidManifest.xml:4:15-68
31            android:configChanges="mcc|mnc|locale|touchscreen|keyboard|keyboardHidden|navigation|orientation|screenLayout|uiMode|screenSize|smallestScreenSize|fontScale|layoutDirection|density"
31-->src\main\AndroidManifest.xml:4:182-363
32            android:hardwareAccelerated="false"
32-->src\main\AndroidManifest.xml:4:399-434
33            android:launchMode="singleTask"
33-->src\main\AndroidManifest.xml:4:150-181
34            android:resizeableActivity="false"
34-->src\main\AndroidManifest.xml:4:364-398
35            android:screenOrientation="fullSensor"
35-->src\main\AndroidManifest.xml:4:111-149
36            android:theme="@style/UnityThemeSelector" >
36-->src\main\AndroidManifest.xml:4:69-110
37            <intent-filter>
37-->src\main\AndroidManifest.xml:5:7-9:23
38                <action android:name="android.intent.action.MAIN" />
38-->src\main\AndroidManifest.xml:6:9-61
38-->src\main\AndroidManifest.xml:6:17-58
39
40                <category android:name="android.intent.category.LAUNCHER" />
40-->src\main\AndroidManifest.xml:7:9-69
40-->src\main\AndroidManifest.xml:7:19-66
41                <category android:name="android.intent.category.LEANBACK_LAUNCHER" />
41-->src\main\AndroidManifest.xml:8:9-78
41-->src\main\AndroidManifest.xml:8:19-75
42            </intent-filter>
43
44            <meta-data
44-->src\main\AndroidManifest.xml:10:7-82
45                android:name="unityplayer.UnityActivity"
45-->src\main\AndroidManifest.xml:10:18-58
46                android:value="true" />
46-->src\main\AndroidManifest.xml:10:59-79
47        </activity>
48
49        <meta-data
49-->src\main\AndroidManifest.xml:12:5-69
50            android:name="unity.splash-mode"
50-->src\main\AndroidManifest.xml:12:16-48
51            android:value="0" />
51-->src\main\AndroidManifest.xml:12:49-66
52        <meta-data
52-->src\main\AndroidManifest.xml:13:5-74
53            android:name="unity.splash-enable"
53-->src\main\AndroidManifest.xml:13:16-50
54            android:value="True" />
54-->src\main\AndroidManifest.xml:13:51-71
55        <meta-data
55-->src\main\AndroidManifest.xml:14:5-78
56            android:name="unity.launch-fullscreen"
56-->src\main\AndroidManifest.xml:14:16-54
57            android:value="True" />
57-->src\main\AndroidManifest.xml:14:55-75
58        <meta-data
58-->src\main\AndroidManifest.xml:15:5-84
59            android:name="unity.allow-resizable-window"
59-->src\main\AndroidManifest.xml:15:16-59
60            android:value="False" />
60-->src\main\AndroidManifest.xml:15:60-81
61    </application>
62
63</manifest>